{
  "admin_password": {
    "sensitive": true,
    "type": "string",
    "value": "983k36YW9qvf2cz4oHcWQT6][b[+VRRSrn3_nbRA"
  },
  "admin_username": {
    "sensitive": true,
    "type": "string",
    "value": "4a4c5bb1-b409-67b9-1a24-98a3c8cdc1c9"
  },
  "api_url": {
    "sensitive": false,
    "type": "string",
    "value": "https://api.hcp-101.qmaa.p3.openshiftapps.com:443"
  },
  "cluster_id": {
    "sensitive": false,
    "type": "string",
    "value": "2b1fq97lo13t16f7i37nkh2eeahlu9uu"
  },
  "console_url": {
    "sensitive": false,
    "type": "string",
    "value": "https://console-openshift-console.apps.rosa.hcp-101.qmaa.p3.openshiftapps.com"
  },
  "domain": {
    "sensitive": false,
    "type": "string",
    "value": "hcp-101.qmaa.p3.openshiftapps.com"
  },
  "oidc_endpoint_url": {
    "sensitive": false,
    "type": "string",
    "value": "oidc.op1.openshiftapps.com/2b1fmluifosol1ec0quheecdismaajkn"
  }
}
